<?xml version="1.0" encoding="UTF-8"?>
<testsuite name="PrimeNumberCheckerTest" tests="1" skipped="0" failures="0" errors="0" timestamp="2022-01-08T07:43:02" hostname="Priyas-MacBook-Pro.local" time="0.011">
  <properties/>
  <testcase name="returnFalseIfNotPrime()" classname="PrimeNumberCheckerTest" time="0.011"/>
  <system-out><![CDATA[]]></system-out>
  <system-err><![CDATA[]]></system-err>
</testsuite>
