<?xml version="1.0" encoding="UTF-8"?>
<testsuite name="FactorialTest" tests="4" skipped="0" failures="0" errors="0" timestamp="2022-01-09T08:03:15" hostname="Priyas-MacBook-Pro.local" time="0.026">
  <properties/>
  <testcase name="testZeroFactorial()" classname="FactorialTest" time="0.019"/>
  <testcase name="testNegativeNumberFactorial()" classname="FactorialTest" time="0.002"/>
  <testcase name="testOneFactorial()" classname="FactorialTest" time="0.001"/>
  <testcase name="testPositiveNumberFactorial()" classname="FactorialTest" time="0.001"/>
  <system-out><![CDATA[]]></system-out>
  <system-err><![CDATA[]]></system-err>
</testsuite>
